     1                                  ; jumploop.asm
     2                                  extern printf
     3                                  section .data
     4 00000000 0500000000000000        	number dq	5
     5 00000008 5468652073756D2066-     	fmt db	"The sum from 0 to %ld is %ld", 10, 0
     5 00000011 726F6D203020746F20-
     5 0000001A 256C6420697320256C-
     5 00000023 640A00             
     6                                  section .bss
     7                                  section .text
     8                                  	global main
     9                                  main:
    10 00000000 55                      	push rbp
    11 00000001 4889E5                  	mov rbp, rsp
    12                                  
    13 00000004 BB00000000              	mov rbx, 0
    14 00000009 B800000000              	mov rax, 0
    15                                  jloop:
    16 0000000E 4801D8                  	add rax, rbx
    17 00000011 48FFC3                  	inc rbx
    18 00000014 483B1C25[00000000]      	cmp rbx, [number]	; number already  reached?
    19 0000001C 7EF0                    	jle jloop			; number not reached yet, loop
    20                                  ; number reached, continue here
    21 0000001E 48BF-                   	mov rdi, fmt		; prepare for displaying
    21 00000020 [0800000000000000] 
    22 00000028 488B3425[00000000]      	mov rsi, [number]
    23 00000030 4889C2                  	mov rdx, rax
    24 00000033 B800000000              	mov rax, 0
    25 00000038 E8(00000000)            	call printf
    26                                  
    27 0000003D 4889EC                  	mov rsp, rbp
    28 00000040 5D                      	pop rbp
    29 00000041 C3                      	ret
