     1                                  ; function.asm
     2                                  extern printf
     3                                  section .data
     4 00000000 0000000000002440        	radius	dq 10.0
     5                                  section .bss
     6                                  section .text
     7                                  ; ------------
     8                                  area:
     9                                  
    10                                  section .data
    11 00000008 50455254FB210940        	.pi		dq 3.141592654	; local to area
    12                                  section .text
    13 00000000 55                      	push rbp
    14 00000001 4889E5                  	mov rbp, rsp
    15                                  
    16 00000004 F20F100425-             	movsd xmm0, [radius]	; move float to xmm0
    16 00000009 [00000000]         
    17 0000000D F20F590425-             	mulsd xmm0, [radius]	; multiply xmm0 by float
    17 00000012 [00000000]         
    18 00000016 F20F590425-             	mulsd xmm0, [.pi]		; multiply xmm0 by float
    18 0000001B [08000000]         
    19                                  
    20 0000001F C9                      	leave
    21 00000020 C3                      	ret
    22                                  ; ------------
    23                                  circum:
    24                                  
    25                                  section .data
    26 00000010 1F85EB51B81E0940        	.pi		dq	3.14		; local to  circum
    27                                  section .text
    28 00000021 55                      	push rbp
    29 00000022 4889E5                  	mov rbp, rsp
    30                                  
    31 00000025 F20F100425-             	movsd xmm0, [radius]
    31 0000002A [00000000]         
    32 0000002E F20F580425-             	addsd xmm0, [radius]
    32 00000033 [00000000]         
    33 00000037 F20F590425-             	mulsd xmm0, [.pi]
    33 0000003C [10000000]         
    34                                  
    35 00000040 C9                      	leave
    36 00000041 C3                      	ret
    37                                  ; ------------
    38                                  circle:
    39                                  
    40                                  section .data
    41 00000018 546865206172656120-     	.fmt_area	db	"The area is %.2f", 10, 0
    41 00000021 697320252E32660A00 
    42 0000002A 546865206369726375-     	.fmt_circum	db	"The circumference is %.2f", 10, 0
    42 00000033 6D666572656E636520-
    42 0000003C 697320252E32660A00 
    43                                  section .text
    44 00000042 55                      	push rbp
    45 00000043 4889E5                  	mov rbp, rsp
    46                                  
    47 00000046 E8B5FFFFFF              	call area
    48 0000004B 48BF-                   	mov rdi, .fmt_area
    48 0000004D [1800000000000000] 
    49 00000055 B801000000              	mov rax, 1				; area in xmm0
    50 0000005A E8(00000000)            	call printf
    51 0000005F E8BDFFFFFF              	call circum
    52                                  
    53 00000064 48BF-                   	mov rdi, .fmt_circum
    53 00000066 [2A00000000000000] 
    54 0000006E B801000000              	mov rax, 1				; circumference in xmm0
    55 00000073 E8(00000000)            	call printf
    56                                  
    57 00000078 C9                      	leave
    58 00000079 C3                      	ret
    59                                  ; ------------
    60                                  	global main
    61                                  main:
    62 0000007A 55                      	push rbp
    63 0000007B 4889E5                  	mov rbp, rsp
    64                                  
    65 0000007E E8BFFFFFFF              	call circle
    66                                  
    67 00000083 C9                      	leave
    68 00000084 C3                      	ret
