     1                                  ; hello.asm
     2                                  
     3                                  section .data
     4 00000000 48656C6C6F2C20776F-     	msg db "Hello, world", 0
     4 00000009 726C6400           
     5                                  
     6                                  section .bss
     7                                  section .text
     8                                  	global main
     9                                  main:
    10 00000000 B801000000              	mov rax, 1		; 1 = write function
    11 00000005 BF01000000              	mov rdi, 1		; 1 = to stdout
    12 0000000A 48BE-                   	mov rsi, msg	; string to display in rsi
    12 0000000C [0000000000000000] 
    13 00000014 BA0C000000              	mov rdx, 12		; length of the sring without 0
    14 00000019 0F05                    	syscall			; display the string
    15                                  
    16 0000001B B83C000000              	mov rax, 60		; 60 = exit function
    17 00000020 BF00000000              	mov rdi, 0		; 0 = success exit code
    18 00000025 0F05                    	syscall			; quit
