     1                                  ; asum.asm
     2                                  section .data
     3                                  section .bss
     4                                  section .text
     5                                  	global asum
     6                                  asum:
     7                                  	; calculate the sum
     8 00000000 4889F1                  	mov rcx, rsi	; array length
     9 00000003 4889FB                  	mov rbx, rdi	; address of array
    10 00000006 41BC00000000            	mov r12, 0
    11                                  
    12 0000000C F2420F1004E3            	movsd xmm0, qword[rbx + r12 * 8]
    13 00000012 48FFC9                  	dec rcx			; one loop less first
    14                                  
    15                                  	; element already in xmm0
    16                                  sloop:
    17 00000015 49FFC4                  	inc r12
    18 00000018 F2420F5804E3            	addsd xmm0, qword[rbx + r12 * 8]
    19 0000001E E2F5                    	loop sloop
    20                                  
    21 00000020 C9                      	leave
    22 00000021 C3                      	ret
